#
# There is insufficient memory for the Java Runtime Environment to continue.
# Native memory allocation (malloc) failed to allocate 5656784 bytes. Error detail: Chunk::new
# Possible reasons:
#   The system is out of physical RAM or swap space
#   This process is running with CompressedOops enabled, and the Java Heap may be blocking the growth of the native heap
# Possible solutions:
#   Reduce memory load on the system
#   Increase physical memory or swap space
#   Check if swap backing store is full
#   Decrease Java heap size (-Xmx/-Xms)
#   Decrease number of Java threads
#   Decrease Java thread stack sizes (-Xss)
#   Set larger code cache with -XX:ReservedCodeCacheSize=
#   JVM is running with Unscaled Compressed Oops mode in which the Java heap is
#     placed in the first 4GB address space. The Java Heap base address is the
#     maximum limit for the native heap growth. Please use -XX:HeapBaseMinAddress
#     to set the Java Heap base and to place the Java Heap above 4GB virtual address.
# This output file may be truncated or incomplete.
#
#  Out of Memory Error (arena.cpp:162), pid=504, tid=6772
#
# JRE version: Java(TM) SE Runtime Environment (24.0.1+9) (build 24.0.1+9-30)
# Java VM: Java HotSpot(TM) 64-Bit Server VM (24.0.1+9-30, mixed mode, sharing, tiered, compressed oops, compressed class ptrs, g1 gc, windows-amd64)
# No core dump will be written. Minidumps are not enabled by default on client versions of Windows
#

---------------  S U M M A R Y ------------

Command Line: -Dfile.encoding=UTF-8 --module-path=C:\Users\eiron\Documents\NetBeansProjects\ol\build\classes ol.nikuy

Host: Intel(R) Celeron(R) N4020 CPU @ 1.10GHz, 2 cores, 3G,  Windows 11 , 64 bit Build 22621 (10.0.22621.4391)
Time: Sat May 10 13:51:24 2025 Malay Peninsula Standard Time elapsed time: 1.269754 seconds (0d 0h 0m 1s)

---------------  T H R E A D  ---------------

Current thread (0x000001e3a891a3d0):  JavaThread "C2 CompilerThread0" daemon [_thread_in_native, id=6772, stack(0x00000075ac000000,0x00000075ac100000) (1024K)]


Current CompileTask:
C2:1269  986       4       sun.util.locale.BaseLocale::getInstance (160 bytes)

Stack: [0x00000075ac000000,0x00000075ac100000]
Native frames: (J=compiled Java code, j=interpreted, Vv=VM code, C=native code)
V  [jvm.dll+0x730739]  (no source info available)
V  [jvm.dll+0x8d9b23]  (no source info available)
V  [jvm.dll+0x8dc00d]  (no source info available)
V  [jvm.dll+0x8dc683]  (no source info available)
V  [jvm.dll+0x2aa086]  (no source info available)
V  [jvm.dll+0xcedef]  (no source info available)
V  [jvm.dll+0xcf04f]  (no source info available)
V  [jvm.dll+0x154d83]  (no source info available)
V  [jvm.dll+0x735f5f]  (no source info available)
V  [jvm.dll+0x26fa1c]  (no source info available)
V  [jvm.dll+0x26ea3f]  (no source info available)
V  [jvm.dll+0x1e9d60]  (no source info available)
V  [jvm.dll+0x27e1fb]  (no source info available)
V  [jvm.dll+0x27c49a]  (no source info available)
V  [jvm.dll+0x42f456]  (no source info available)
V  [jvm.dll+0x87d76b]  (no source info available)
V  [jvm.dll+0x72ee55]  (no source info available)
C  [ucrtbase.dll+0x29333]  (no source info available)
C  [KERNEL32.DLL+0x1259d]  (no source info available)
C  [ntdll.dll+0x5af38]  (no source info available)

Lock stack of current Java thread (top to bottom):


---------------  P R O C E S S  ---------------

Threads class SMR info:
_java_thread_list=0x000001e3ee385e80, length=19, elements={
0x000001e38de95b60, 0x000001e38de96bf0, 0x000001e38de9ac70, 0x000001e38de9bd50,
0x000001e38de9c880, 0x000001e38de9e3c0, 0x000001e3a891a3d0, 0x000001e3a8931f50,
0x000001e3a89da6c0, 0x000001e3a8ce8530, 0x000001e3ee24aaf0, 0x000001e3ee24d310,
0x000001e3ee24da50, 0x000001e3a8cf0910, 0x000001e38bb79b40, 0x000001e3ee43ddf0,
0x000001e3ee3d7ab0, 0x000001e3ee460160, 0x000001e3ee463390
}

Java Threads: ( => current thread )
  0x000001e38de95b60 JavaThread "Reference Handler"          daemon [_thread_blocked, id=13784, stack(0x00000075aba00000,0x00000075abb00000) (1024K)]
  0x000001e38de96bf0 JavaThread "Finalizer"                  daemon [_thread_blocked, id=14328, stack(0x00000075abb00000,0x00000075abc00000) (1024K)]
  0x000001e38de9ac70 JavaThread "Signal Dispatcher"          daemon [_thread_blocked, id=15216, stack(0x00000075abc00000,0x00000075abd00000) (1024K)]
  0x000001e38de9bd50 JavaThread "Attach Listener"            daemon [_thread_blocked, id=9276, stack(0x00000075abd00000,0x00000075abe00000) (1024K)]
  0x000001e38de9c880 JavaThread "Service Thread"             daemon [_thread_blocked, id=14128, stack(0x00000075abe00000,0x00000075abf00000) (1024K)]
  0x000001e38de9e3c0 JavaThread "Monitor Deflation Thread"   daemon [_thread_blocked, id=2480, stack(0x00000075abf00000,0x00000075ac000000) (1024K)]
=>0x000001e3a891a3d0 JavaThread "C2 CompilerThread0"         daemon [_thread_in_native, id=6772, stack(0x00000075ac000000,0x00000075ac100000) (1024K)]
  0x000001e3a8931f50 JavaThread "C1 CompilerThread0"         daemon [_thread_blocked, id=9580, stack(0x00000075ac100000,0x00000075ac200000) (1024K)]
  0x000001e3a89da6c0 JavaThread "Common-Cleaner"             daemon [_thread_blocked, id=3892, stack(0x00000075ac200000,0x00000075ac300000) (1024K)]
  0x000001e3a8ce8530 JavaThread "Notification Thread"        daemon [_thread_blocked, id=6692, stack(0x00000075ac300000,0x00000075ac400000) (1024K)]
  0x000001e3ee24aaf0 JavaThread "Java2D Disposer"            daemon [_thread_blocked, id=10744, stack(0x00000075ac400000,0x00000075ac500000) (1024K)]
  0x000001e3ee24d310 JavaThread "AWT-Shutdown"                      [_thread_blocked, id=15340, stack(0x00000075ac500000,0x00000075ac600000) (1024K)]
  0x000001e3ee24da50 JavaThread "AWT-Windows"                daemon [_thread_in_native, id=12020, stack(0x00000075ac600000,0x00000075ac700000) (1024K)]
  0x000001e3a8cf0910 JavaThread "AWT-EventQueue-0"                  [_thread_in_vm, id=14956, stack(0x00000075ac700000,0x00000075ac800000) (1024K)]
  0x000001e38bb79b40 JavaThread "DestroyJavaVM"                     [_thread_blocked, id=14420, stack(0x00000075ab200000,0x00000075ab300000) (1024K)]
  0x000001e3ee43ddf0 JavaThread "TimerQueue"                 daemon [_thread_blocked, id=6984, stack(0x00000075ac800000,0x00000075ac900000) (1024K)]
  0x000001e3ee3d7ab0 JavaThread "Image Fetcher 0"            daemon [_thread_blocked, id=4232, stack(0x00000075ac900000,0x00000075aca00000) (1024K)]
  0x000001e3ee460160 JavaThread "Image Fetcher 1"            daemon [_thread_blocked, id=2160, stack(0x00000075aca00000,0x00000075acb00000) (1024K)]
  0x000001e3ee463390 JavaThread "Image Fetcher 2"            daemon [_thread_blocked, id=12712, stack(0x00000075acb00000,0x00000075acc00000) (1024K)]
Total: 19

Other Threads:
  0x000001e38de85430 VMThread "VM Thread"                           [id=4044, stack(0x00000075ab900000,0x00000075aba00000) (1024K)]
  0x000001e3a890bfb0 WatcherThread "VM Periodic Task Thread"        [id=15200, stack(0x00000075ab800000,0x00000075ab900000) (1024K)]
  0x000001e38de0e340 WorkerThread "GC Thread#0"                     [id=12296, stack(0x00000075ab300000,0x00000075ab400000) (1024K)]
  0x000001e38de19cc0 ConcurrentGCThread "G1 Main Marker"            [id=14248, stack(0x00000075ab400000,0x00000075ab500000) (1024K)]
  0x000001e38de1a950 WorkerThread "G1 Conc#0"                       [id=260, stack(0x00000075ab500000,0x00000075ab600000) (1024K)]
  0x000001e38de6bbb0 ConcurrentGCThread "G1 Refine#0"               [id=11816, stack(0x00000075ab600000,0x00000075ab700000) (1024K)]
  0x000001e38de6e740 ConcurrentGCThread "G1 Service"                [id=12956, stack(0x00000075ab700000,0x00000075ab800000) (1024K)]
Total: 7

Threads with active compile tasks:
C2 CompilerThread0  1388  986       4       sun.util.locale.BaseLocale::getInstance (160 bytes)
C1 CompilerThread0  1388 1120   !   3       sun.font.TrueTypeFont::readBlock (374 bytes)
Total: 2

VM state: not at safepoint (normal execution)

VM Mutex/Monitor currently owned by a thread: None

Heap address: 0x00000000c2c00000, size: 980 MB, Compressed Oops mode: 32-bit

CDS archive(s) mapped at: [0x000001e3a9000000-0x000001e3a9d40000-0x000001e3a9d40000), size 13893632, SharedBaseAddress: 0x000001e3a9000000, ArchiveRelocationMode: 1.
Compressed class space mapped at: 0x000001e3aa000000-0x000001e3ea000000, reserved size: 1073741824
UseCompressedClassPointers 1, UseCompactObjectHeaders 0
Narrow klass pointer bits 32, Max shift 3
Narrow klass base: 0x000001e3a9000000, Narrow klass shift: 0
Encoding Range: [0x000001e3a9000000 - 0x000001e4a9000000), (4294967296 bytes)
Klass Range:    [0x000001e3a9000000 - 0x000001e3ea000000), (1090519040 bytes)
Klass ID Range:  [8 - 1090519033) (1090519025)

GC Precious Log:
 CardTable entry size: 512
 Card Set container configuration: InlinePtr #cards 5 size 8 Array Of Cards #cards 10 size 36 Howl #buckets 4 coarsen threshold 1843 Howl Bitmap #cards 512 size 80 coarsen threshold 460 Card regions per heap region 1 cards per card region 2048
 CPUs: 2 total, 2 available
 Memory: 3918M
 Large Page Support: Disabled
 NUMA Support: Disabled
 Compressed Oops: Enabled (32-bit)
 Heap Region Size: 1M
 Heap Min Capacity: 8M
 Heap Initial Capacity: 62M
 Heap Max Capacity: 980M
 Pre-touch: Disabled
 Parallel Workers: 2
 Concurrent Workers: 1
 Concurrent Refinement Workers: 2
 Periodic GC: Disabled

Heap:
 garbage-first heap   total reserved 1003520K, committed 65536K, used 13428K [0x00000000c2c00000, 0x0000000100000000)
  region size 1024K, 13 young (13312K), 0 survivors (0K)
 Metaspace       used 9606K, committed 9856K, reserved 1114112K
  class space    used 893K, committed 1024K, reserved 1048576K

Heap Regions: E=young(eden), S=young(survivor), O=old, HS=humongous(starts), HC=humongous(continues), CS=collection set, F=free, TAMS=top-at-mark-start, PB=parsable bottom
|   0|0x00000000c2c00000, 0x00000000c2c00000, 0x00000000c2d00000|  0%| F|  |TAMS 0x00000000c2c00000| PB 0x00000000c2c00000| Untracked |  0
|   1|0x00000000c2d00000, 0x00000000c2d00000, 0x00000000c2e00000|  0%| F|  |TAMS 0x00000000c2d00000| PB 0x00000000c2d00000| Untracked |  0
|   2|0x00000000c2e00000, 0x00000000c2e00000, 0x00000000c2f00000|  0%| F|  |TAMS 0x00000000c2e00000| PB 0x00000000c2e00000| Untracked |  0
|   3|0x00000000c2f00000, 0x00000000c2f00000, 0x00000000c3000000|  0%| F|  |TAMS 0x00000000c2f00000| PB 0x00000000c2f00000| Untracked |  0
|   4|0x00000000c3000000, 0x00000000c3000000, 0x00000000c3100000|  0%| F|  |TAMS 0x00000000c3000000| PB 0x00000000c3000000| Untracked |  0
|   5|0x00000000c3100000, 0x00000000c3100000, 0x00000000c3200000|  0%| F|  |TAMS 0x00000000c3100000| PB 0x00000000c3100000| Untracked |  0
|   6|0x00000000c3200000, 0x00000000c3200000, 0x00000000c3300000|  0%| F|  |TAMS 0x00000000c3200000| PB 0x00000000c3200000| Untracked |  0
|   7|0x00000000c3300000, 0x00000000c3300000, 0x00000000c3400000|  0%| F|  |TAMS 0x00000000c3300000| PB 0x00000000c3300000| Untracked |  0
|   8|0x00000000c3400000, 0x00000000c3400000, 0x00000000c3500000|  0%| F|  |TAMS 0x00000000c3400000| PB 0x00000000c3400000| Untracked |  0
|   9|0x00000000c3500000, 0x00000000c3500000, 0x00000000c3600000|  0%| F|  |TAMS 0x00000000c3500000| PB 0x00000000c3500000| Untracked |  0
|  10|0x00000000c3600000, 0x00000000c3600000, 0x00000000c3700000|  0%| F|  |TAMS 0x00000000c3600000| PB 0x00000000c3600000| Untracked |  0
|  11|0x00000000c3700000, 0x00000000c3700000, 0x00000000c3800000|  0%| F|  |TAMS 0x00000000c3700000| PB 0x00000000c3700000| Untracked |  0
|  12|0x00000000c3800000, 0x00000000c3800000, 0x00000000c3900000|  0%| F|  |TAMS 0x00000000c3800000| PB 0x00000000c3800000| Untracked |  0
|  13|0x00000000c3900000, 0x00000000c3900000, 0x00000000c3a00000|  0%| F|  |TAMS 0x00000000c3900000| PB 0x00000000c3900000| Untracked |  0
|  14|0x00000000c3a00000, 0x00000000c3a00000, 0x00000000c3b00000|  0%| F|  |TAMS 0x00000000c3a00000| PB 0x00000000c3a00000| Untracked |  0
|  15|0x00000000c3b00000, 0x00000000c3b00000, 0x00000000c3c00000|  0%| F|  |TAMS 0x00000000c3b00000| PB 0x00000000c3b00000| Untracked |  0
|  16|0x00000000c3c00000, 0x00000000c3c00000, 0x00000000c3d00000|  0%| F|  |TAMS 0x00000000c3c00000| PB 0x00000000c3c00000| Untracked |  0
|  17|0x00000000c3d00000, 0x00000000c3d00000, 0x00000000c3e00000|  0%| F|  |TAMS 0x00000000c3d00000| PB 0x00000000c3d00000| Untracked |  0
|  18|0x00000000c3e00000, 0x00000000c3e00000, 0x00000000c3f00000|  0%| F|  |TAMS 0x00000000c3e00000| PB 0x00000000c3e00000| Untracked |  0
|  19|0x00000000c3f00000, 0x00000000c3f00000, 0x00000000c4000000|  0%| F|  |TAMS 0x00000000c3f00000| PB 0x00000000c3f00000| Untracked |  0
|  20|0x00000000c4000000, 0x00000000c4000000, 0x00000000c4100000|  0%| F|  |TAMS 0x00000000c4000000| PB 0x00000000c4000000| Untracked |  0
|  21|0x00000000c4100000, 0x00000000c4100000, 0x00000000c4200000|  0%| F|  |TAMS 0x00000000c4100000| PB 0x00000000c4100000| Untracked |  0
|  22|0x00000000c4200000, 0x00000000c4200000, 0x00000000c4300000|  0%| F|  |TAMS 0x00000000c4200000| PB 0x00000000c4200000| Untracked |  0
|  23|0x00000000c4300000, 0x00000000c4300000, 0x00000000c4400000|  0%| F|  |TAMS 0x00000000c4300000| PB 0x00000000c4300000| Untracked |  0
|  24|0x00000000c4400000, 0x00000000c4400000, 0x00000000c4500000|  0%| F|  |TAMS 0x00000000c4400000| PB 0x00000000c4400000| Untracked |  0
|  25|0x00000000c4500000, 0x00000000c4500000, 0x00000000c4600000|  0%| F|  |TAMS 0x00000000c4500000| PB 0x00000000c4500000| Untracked |  0
|  26|0x00000000c4600000, 0x00000000c4600000, 0x00000000c4700000|  0%| F|  |TAMS 0x00000000c4600000| PB 0x00000000c4600000| Untracked |  0
|  27|0x00000000c4700000, 0x00000000c4700000, 0x00000000c4800000|  0%| F|  |TAMS 0x00000000c4700000| PB 0x00000000c4700000| Untracked |  0
|  28|0x00000000c4800000, 0x00000000c4800000, 0x00000000c4900000|  0%| F|  |TAMS 0x00000000c4800000| PB 0x00000000c4800000| Untracked |  0
|  29|0x00000000c4900000, 0x00000000c4900000, 0x00000000c4a00000|  0%| F|  |TAMS 0x00000000c4900000| PB 0x00000000c4900000| Untracked |  0
|  30|0x00000000c4a00000, 0x00000000c4a00000, 0x00000000c4b00000|  0%| F|  |TAMS 0x00000000c4a00000| PB 0x00000000c4a00000| Untracked |  0
|  31|0x00000000c4b00000, 0x00000000c4b00000, 0x00000000c4c00000|  0%| F|  |TAMS 0x00000000c4b00000| PB 0x00000000c4b00000| Untracked |  0
|  32|0x00000000c4c00000, 0x00000000c4c00000, 0x00000000c4d00000|  0%| F|  |TAMS 0x00000000c4c00000| PB 0x00000000c4c00000| Untracked |  0
|  33|0x00000000c4d00000, 0x00000000c4d00000, 0x00000000c4e00000|  0%| F|  |TAMS 0x00000000c4d00000| PB 0x00000000c4d00000| Untracked |  0
|  34|0x00000000c4e00000, 0x00000000c4e00000, 0x00000000c4f00000|  0%| F|  |TAMS 0x00000000c4e00000| PB 0x00000000c4e00000| Untracked |  0
|  35|0x00000000c4f00000, 0x00000000c4f00000, 0x00000000c5000000|  0%| F|  |TAMS 0x00000000c4f00000| PB 0x00000000c4f00000| Untracked |  0
|  36|0x00000000c5000000, 0x00000000c5000000, 0x00000000c5100000|  0%| F|  |TAMS 0x00000000c5000000| PB 0x00000000c5000000| Untracked |  0
|  37|0x00000000c5100000, 0x00000000c5100000, 0x00000000c5200000|  0%| F|  |TAMS 0x00000000c5100000| PB 0x00000000c5100000| Untracked |  0
|  38|0x00000000c5200000, 0x00000000c5200000, 0x00000000c5300000|  0%| F|  |TAMS 0x00000000c5200000| PB 0x00000000c5200000| Untracked |  0
|  39|0x00000000c5300000, 0x00000000c5300000, 0x00000000c5400000|  0%| F|  |TAMS 0x00000000c5300000| PB 0x00000000c5300000| Untracked |  0
|  40|0x00000000c5400000, 0x00000000c5400000, 0x00000000c5500000|  0%| F|  |TAMS 0x00000000c5400000| PB 0x00000000c5400000| Untracked |  0
|  41|0x00000000c5500000, 0x00000000c5500000, 0x00000000c5600000|  0%| F|  |TAMS 0x00000000c5500000| PB 0x00000000c5500000| Untracked |  0
|  42|0x00000000c5600000, 0x00000000c5600000, 0x00000000c5700000|  0%| F|  |TAMS 0x00000000c5600000| PB 0x00000000c5600000| Untracked |  0
|  43|0x00000000c5700000, 0x00000000c5700000, 0x00000000c5800000|  0%| F|  |TAMS 0x00000000c5700000| PB 0x00000000c5700000| Untracked |  0
|  44|0x00000000c5800000, 0x00000000c5800000, 0x00000000c5900000|  0%| F|  |TAMS 0x00000000c5800000| PB 0x00000000c5800000| Untracked |  0
|  45|0x00000000c5900000, 0x00000000c5900000, 0x00000000c5a00000|  0%| F|  |TAMS 0x00000000c5900000| PB 0x00000000c5900000| Untracked |  0
|  46|0x00000000c5a00000, 0x00000000c5a00000, 0x00000000c5b00000|  0%| F|  |TAMS 0x00000000c5a00000| PB 0x00000000c5a00000| Untracked |  0
|  47|0x00000000c5b00000, 0x00000000c5b00000, 0x00000000c5c00000|  0%| F|  |TAMS 0x00000000c5b00000| PB 0x00000000c5b00000| Untracked |  0
|  48|0x00000000c5c00000, 0x00000000c5c00000, 0x00000000c5d00000|  0%| F|  |TAMS 0x00000000c5c00000| PB 0x00000000c5c00000| Untracked |  0
|  49|0x00000000c5d00000, 0x00000000c5dd72e0, 0x00000000c5e00000| 84%| E|  |TAMS 0x00000000c5d00000| PB 0x00000000c5d00000| Complete |  0
|  50|0x00000000c5e00000, 0x00000000c5f00000, 0x00000000c5f00000|100%| E|CS|TAMS 0x00000000c5e00000| PB 0x00000000c5e00000| Complete |  0
|  51|0x00000000c5f00000, 0x00000000c6000000, 0x00000000c6000000|100%| E|CS|TAMS 0x00000000c5f00000| PB 0x00000000c5f00000| Complete |  0
|  52|0x00000000c6000000, 0x00000000c6100000, 0x00000000c6100000|100%| E|CS|TAMS 0x00000000c6000000| PB 0x00000000c6000000| Complete |  0
|  53|0x00000000c6100000, 0x00000000c6200000, 0x00000000c6200000|100%| E|CS|TAMS 0x00000000c6100000| PB 0x00000000c6100000| Complete |  0
|  54|0x00000000c6200000, 0x00000000c6300000, 0x00000000c6300000|100%| E|CS|TAMS 0x00000000c6200000| PB 0x00000000c6200000| Complete |  0
|  55|0x00000000c6300000, 0x00000000c6400000, 0x00000000c6400000|100%| E|CS|TAMS 0x00000000c6300000| PB 0x00000000c6300000| Complete |  0
|  56|0x00000000c6400000, 0x00000000c6500000, 0x00000000c6500000|100%| E|CS|TAMS 0x00000000c6400000| PB 0x00000000c6400000| Complete |  0
|  57|0x00000000c6500000, 0x00000000c6600000, 0x00000000c6600000|100%| E|CS|TAMS 0x00000000c6500000| PB 0x00000000c6500000| Complete |  0
|  58|0x00000000c6600000, 0x00000000c6700000, 0x00000000c6700000|100%| E|CS|TAMS 0x00000000c6600000| PB 0x00000000c6600000| Complete |  0
|  59|0x00000000c6700000, 0x00000000c6800000, 0x00000000c6800000|100%| E|CS|TAMS 0x00000000c6700000| PB 0x00000000c6700000| Complete |  0
|  60|0x00000000c6800000, 0x00000000c6900000, 0x00000000c6900000|100%| E|CS|TAMS 0x00000000c6800000| PB 0x00000000c6800000| Complete |  0
|  61|0x00000000c6900000, 0x00000000c6a00000, 0x00000000c6a00000|100%| E|CS|TAMS 0x00000000c6900000| PB 0x00000000c6900000| Complete |  0
| 978|0x00000000ffe00000, 0x00000000fff00000, 0x00000000fff00000|100%| O|  |TAMS 0x00000000ffe00000| PB 0x00000000ffe00000| Untracked |  0
| 979|0x00000000fff00000, 0x00000000fff1d1c0, 0x0000000100000000| 11%| O|  |TAMS 0x00000000fff00000| PB 0x00000000fff00000| Untracked |  0

Card table byte_map: [0x000001e38db90000,0x000001e38dd80000] _byte_map_base: 0x000001e38d57a000

Marking Bits: (CMBitMap*) 0x000001e38de0ea50
 Bits: [0x000001e3a5680000, 0x000001e3a65d0000)

Polling page: 0x000001e38bc80000

Metaspace:

Usage:
  Non-class:      8.51 MB used.
      Class:    893.75 KB used.
       Both:      9.39 MB used.

Virtual space:
  Non-class space:       64.00 MB reserved,       8.62 MB ( 13%) committed,  1 nodes.
      Class space:        1.00 GB reserved,       1.00 MB ( <1%) committed,  1 nodes.
             Both:        1.06 GB reserved,       9.62 MB ( <1%) committed. 

Chunk freelists:
   Non-Class:  6.99 MB
       Class:  15.04 MB
        Both:  22.03 MB

MaxMetaspaceSize: unlimited
CompressedClassSpaceSize: 1.00 GB
Initial GC threshold: 21.00 MB
Current GC threshold: 21.00 MB
CDS: on
 - commit_granule_bytes: 65536.
 - commit_granule_words: 8192.
 - virtual_space_node_default_size: 8388608.
 - enlarge_chunks_in_place: 1.
UseCompressedClassPointers 1, UseCompactObjectHeaders 0
Narrow klass pointer bits 32, Max shift 3
Narrow klass base: 0x000001e3a9000000, Narrow klass shift: 0
Encoding Range: [0x000001e3a9000000 - 0x000001e4a9000000), (4294967296 bytes)
Klass Range:    [0x000001e3a9000000 - 0x000001e3ea000000), (1090519040 bytes)
Klass ID Range:  [8 - 1090519033) (1090519025)


Internal statistics:

num_allocs_failed_limit: 0.
num_arena_births: 110.
num_arena_deaths: 0.
num_vsnodes_births: 2.
num_vsnodes_deaths: 0.
num_space_committed: 154.
num_space_uncommitted: 0.
num_chunks_returned_to_freelist: 0.
num_chunks_taken_from_freelist: 140.
num_chunk_merges: 0.
num_chunk_splits: 87.
num_chunks_enlarged: 50.
num_inconsistent_stats: 0.

CodeHeap 'non-profiled nmethods': size=120128Kb used=295Kb max_used=295Kb free=119832Kb
 bounds [0x000001e39e130000, 0x000001e39e3a0000, 0x000001e3a5680000]
CodeHeap 'profiled nmethods': size=120000Kb used=1607Kb max_used=1607Kb free=118392Kb
 bounds [0x000001e396680000, 0x000001e3968f0000, 0x000001e39dbb0000]
CodeHeap 'non-nmethods': size=5632Kb used=1480Kb max_used=1480Kb free=4152Kb
 bounds [0x000001e39dbb0000, 0x000001e39de20000, 0x000001e39e130000]
CodeCache: size=245760Kb, used=3382Kb, max_used=3382Kb, free=242376Kb
 total_blobs=1773, nmethods=1118, adapters=561, full_count=0
Compilation: enabled, stopped_count=0, restarted_count=0

Compilation events (20 events):
Event: 1.251 Thread 0x000001e3a8931f50 1040       1       sun.java2d.loops.GraphicsPrimitive::getUniqueID (5 bytes)
Event: 1.251 Thread 0x000001e3a8931f50 nmethod 1040 0x000001e39e175688 code [0x000001e39e175780, 0x000001e39e175848]
Event: 1.251 Thread 0x000001e3a8931f50 1041       3       java.lang.Integer::compare (20 bytes)
Event: 1.251 Thread 0x000001e3a8931f50 nmethod 1041 0x000001e3967f9908 code [0x000001e3967f9a20, 0x000001e3967f9be0]
Event: 1.251 Thread 0x000001e3a8931f50 1042       3       sun.java2d.loops.GraphicsPrimitiveMgr$1::compare (13 bytes)
Event: 1.251 Thread 0x000001e3a8931f50 nmethod 1042 0x000001e3967f9c08 code [0x000001e3967f9d60, 0x000001e3967fa2e8]
Event: 1.253 Thread 0x000001e3a8931f50 1043       3       sun.java2d.loops.GraphicsPrimitiveMgr$2::compare (24 bytes)
Event: 1.253 Thread 0x000001e3a8931f50 nmethod 1043 0x000001e3967fa388 code [0x000001e3967fa4c0, 0x000001e3967fa948]
Event: 1.253 Thread 0x000001e3a8931f50 1044       1       sun.java2d.loops.CompositeType::getSuperType (5 bytes)
Event: 1.253 Thread 0x000001e3a8931f50 nmethod 1044 0x000001e39e175988 code [0x000001e39e175a80, 0x000001e39e175b48]
Event: 1.253 Thread 0x000001e3a8931f50 1045       3       java.util.Arrays::binarySearch0 (95 bytes)
Event: 1.254 Thread 0x000001e3a8931f50 nmethod 1045 0x000001e3967fa988 code [0x000001e3967faae0, 0x000001e3967faed8]
Event: 1.254 Thread 0x000001e3a8931f50 1046       3       sun.java2d.loops.GraphicsPrimitiveMgr::locate (104 bytes)
Event: 1.254 Thread 0x000001e3a8931f50 nmethod 1046 0x000001e3967faf08 code [0x000001e3967fb0c0, 0x000001e3967fba50]
Event: 1.255 Thread 0x000001e3a8931f50 1047       3       java.util.Arrays::binarySearch (10 bytes)
Event: 1.255 Thread 0x000001e3a8931f50 nmethod 1047 0x000001e3967fba88 code [0x000001e3967fbba0, 0x000001e3967fbcd0]
Event: 1.255 Thread 0x000001e3a8931f50 1048       1       sun.java2d.loops.SurfaceType::getSuperType (5 bytes)
Event: 1.255 Thread 0x000001e3a8931f50 nmethod 1048 0x000001e39e175c88 code [0x000001e39e175d80, 0x000001e39e175e48]
Event: 1.262 Thread 0x000001e3a8931f50 1049   !   3       java.lang.invoke.MethodHandle::setVarargs (50 bytes)
Event: 1.263 Thread 0x000001e3a8931f50 nmethod 1049 0x000001e3967fbd88 code [0x000001e3967fbfc0, 0x000001e3967fcfb0]

GC Heap History (0 events):
No events

Dll operation events (9 events):
Event: 0.017 Loaded shared library C:\Program Files\Java\jdk-24\bin\java.dll
Event: 0.065 Loaded shared library C:\Program Files\Java\jdk-24\bin\jsvml.dll
Event: 0.158 Loaded shared library C:\Program Files\Java\jdk-24\bin\net.dll
Event: 0.162 Loaded shared library C:\Program Files\Java\jdk-24\bin\nio.dll
Event: 0.218 Loaded shared library C:\Program Files\Java\jdk-24\bin\zip.dll
Event: 0.240 Loaded shared library C:\Program Files\Java\jdk-24\bin\jimage.dll
Event: 0.258 Loaded shared library C:\Program Files\Java\jdk-24\bin\awt.dll
Event: 0.979 Loaded shared library C:\Program Files\Java\jdk-24\bin\freetype.dll
Event: 0.981 Loaded shared library C:\Program Files\Java\jdk-24\bin\fontmanager.dll

Deoptimization events (20 events):
Event: 0.503 Thread 0x000001e38bb79b40 DEOPT PACKING pc=0x000001e39e13f0dc sp=0x00000075ab2fee30
Event: 0.503 Thread 0x000001e38bb79b40 DEOPT UNPACKING pc=0x000001e39dcc167c sp=0x00000075ab2fedc8 mode 2
Event: 0.956 Thread 0x000001e3a8cf0910 Uncommon trap: trap_request=0xffffff4d fr.pc=0x000001e39e15ca0c relative=0x000000000000012c
Event: 0.956 Thread 0x000001e3a8cf0910 Uncommon trap: reason=unstable_if action=reinterpret pc=0x000001e39e15ca0c method=java.util.regex.Pattern$BmpCharPropertyGreedy.match(Ljava/util/regex/Matcher;ILjava/lang/CharSequence;)Z @ 12 c2
Event: 0.956 Thread 0x000001e3a8cf0910 DEOPT PACKING pc=0x000001e39e15ca0c sp=0x00000075ac7fdd00
Event: 0.956 Thread 0x000001e3a8cf0910 DEOPT UNPACKING pc=0x000001e39dcc167c sp=0x00000075ac7fdc98 mode 2
Event: 0.963 Thread 0x000001e3a8cf0910 Uncommon trap: trap_request=0xffffff4d fr.pc=0x000001e39e15fe6c relative=0x00000000000000cc
Event: 0.963 Thread 0x000001e3a8cf0910 Uncommon trap: reason=unstable_if action=reinterpret pc=0x000001e39e15fe6c method=java.lang.String.getBytes([BIB)V @ 5 c2
Event: 0.963 Thread 0x000001e3a8cf0910 DEOPT PACKING pc=0x000001e39e15fe6c sp=0x00000075ac7fe4b0
Event: 0.963 Thread 0x000001e3a8cf0910 DEOPT UNPACKING pc=0x000001e39dcc167c sp=0x00000075ac7fe458 mode 2
Event: 1.101 Thread 0x000001e3a8cf0910 Uncommon trap: trap_request=0xffffff4d fr.pc=0x000001e39e159b18 relative=0x00000000000004d8
Event: 1.101 Thread 0x000001e3a8cf0910 Uncommon trap: reason=unstable_if action=reinterpret pc=0x000001e39e159b18 method=java.lang.StringLatin1.replace([BCC)Ljava/lang/String; @ 19 c2
Event: 1.101 Thread 0x000001e3a8cf0910 DEOPT PACKING pc=0x000001e39e159b18 sp=0x00000075ac7fe860
Event: 1.101 Thread 0x000001e3a8cf0910 DEOPT UNPACKING pc=0x000001e39dcc167c sp=0x00000075ac7fe7e0 mode 2
Event: 1.176 Thread 0x000001e3ee3d7ab0 DEOPT PACKING pc=0x000001e3967e224c sp=0x00000075ac9fee00
Event: 1.176 Thread 0x000001e3ee3d7ab0 DEOPT UNPACKING pc=0x000001e39dc05783 sp=0x00000075ac9fe380 mode 0
Event: 1.193 Thread 0x000001e3a8cf0910 Uncommon trap: trap_request=0xffffff4d fr.pc=0x000001e39e14a668 relative=0x0000000000000168
Event: 1.193 Thread 0x000001e3a8cf0910 Uncommon trap: reason=unstable_if action=reinterpret pc=0x000001e39e14a668 method=java.lang.String.equals(Ljava/lang/Object;)Z @ 33 c2
Event: 1.193 Thread 0x000001e3a8cf0910 DEOPT PACKING pc=0x000001e39e14a668 sp=0x00000075ac7feaa0
Event: 1.193 Thread 0x000001e3a8cf0910 DEOPT UNPACKING pc=0x000001e39dcc167c sp=0x00000075ac7fea20 mode 2

Classes loaded (20 events):
Event: 1.256 Loading class sun/java2d/loops/Blit$GeneralMaskBlit
Event: 1.256 Loading class sun/java2d/loops/Blit$GeneralMaskBlit done
Event: 1.256 Loading class sun/java2d/DefaultDisposerRecord
Event: 1.256 Loading class sun/java2d/DefaultDisposerRecord done
Event: 1.256 Loading class sun/java2d/SurfaceDataProxy
Event: 1.256 Loading class sun/awt/image/SurfaceManager$FlushableCacheData
Event: 1.256 Loading class sun/awt/image/SurfaceManager$FlushableCacheData done
Event: 1.256 Loading class sun/java2d/SurfaceDataProxy done
Event: 1.256 Loading class sun/java2d/SurfaceDataProxy$1
Event: 1.256 Loading class sun/java2d/SurfaceDataProxy$1 done
Event: 1.256 Loading class sun/java2d/StateTracker
Event: 1.256 Loading class sun/java2d/StateTracker done
Event: 1.256 Loading class sun/java2d/StateTracker$1
Event: 1.257 Loading class sun/java2d/StateTracker$1 done
Event: 1.257 Loading class sun/java2d/StateTracker$2
Event: 1.257 Loading class sun/java2d/StateTracker$2 done
Event: 1.258 Loading class java/awt/SystemColor
Event: 1.258 Loading class java/awt/SystemColor done
Event: 1.259 Loading class sun/awt/AWTAccessor$SystemColorAccessor
Event: 1.259 Loading class sun/awt/AWTAccessor$SystemColorAccessor done

Classes unloaded (0 events):
No events

Classes redefined (0 events):
No events

Internal exceptions (20 events):
Event: 0.554 Thread 0x000001e3a8cf0910 Exception <a 'java/lang/NoSuchMethodError'{0x00000000c66c3eb8}: 'java.lang.Object java.lang.invoke.DirectMethodHandle$Holder.invokeStatic(java.lang.Object, long, java.lang.Object)'> (0x00000000c66c3eb8) 
thrown [s\open\src\hotspot\share\interpreter\linkResolver.cpp, line 805]
Event: 0.555 Thread 0x000001e3a8cf0910 Exception <a 'java/lang/NoSuchMethodError'{0x00000000c66cbfd0}: 'java.lang.Object java.lang.invoke.DirectMethodHandle$Holder.invokeStaticInit(java.lang.Object, long, java.lang.Object)'> (0x00000000c66cbfd0) 
thrown [s\open\src\hotspot\share\interpreter\linkResolver.cpp, line 805]
Event: 0.557 Thread 0x000001e3a8cf0910 Exception <a 'java/lang/NoSuchMethodError'{0x00000000c66d4408}: 'java.lang.Object java.lang.invoke.DirectMethodHandle$Holder.invokeStatic(java.lang.Object, long)'> (0x00000000c66d4408) 
thrown [s\open\src\hotspot\share\interpreter\linkResolver.cpp, line 805]
Event: 0.559 Thread 0x000001e3a8cf0910 Exception <a 'java/lang/NoSuchMethodError'{0x00000000c66dc6a0}: 'java.lang.Object java.lang.invoke.DirectMethodHandle$Holder.invokeStaticInit(java.lang.Object, long)'> (0x00000000c66dc6a0) 
thrown [s\open\src\hotspot\share\interpreter\linkResolver.cpp, line 805]
Event: 0.603 Thread 0x000001e3a8cf0910 Exception <a 'java/lang/NoSuchMethodError'{0x00000000c650c600}: 'void java.lang.invoke.DirectMethodHandle$Holder.invokeSpecial(java.lang.Object, java.lang.Object, java.lang.Object)'> (0x00000000c650c600) 
thrown [s\open\src\hotspot\share\interpreter\linkResolver.cpp, line 805]
Event: 0.622 Thread 0x000001e3a8cf0910 Exception <a 'java/lang/NoSuchMethodError'{0x00000000c657bf58}: 'java.lang.Object java.lang.invoke.DirectMethodHandle$Holder.newInvokeSpecial(java.lang.Object, java.lang.Object, java.lang.Object, java.lang.Object, java.lang.Object)'> (0x00000000c657bf58) 
thrown [s\open\src\hotspot\share\interpreter\linkResolver.cpp, line 805]
Event: 0.634 Thread 0x000001e3a8cf0910 Exception <a 'java/lang/NoSuchMethodError'{0x00000000c65e5258}: 'java.lang.Object java.lang.invoke.DirectMethodHandle$Holder.invokeStatic(java.lang.Object, int, java.lang.Object)'> (0x00000000c65e5258) 
thrown [s\open\src\hotspot\share\interpreter\linkResolver.cpp, line 805]
Event: 0.709 Thread 0x000001e3a8cf0910 Exception <a 'java/lang/ClassNotFoundException'{0x00000000c6213ac0}: com/sun/swing/internal/plaf/metal/resources/spi/metalProvider> (0x00000000c6213ac0) 
thrown [s\open\src\hotspot\share\classfile\systemDictionary.cpp, line 327]
Event: 0.711 Thread 0x000001e3a8cf0910 Exception <a 'java/lang/ClassNotFoundException'{0x00000000c62177d0}: com/sun/swing/internal/plaf/basic/resources/spi/basicProvider> (0x00000000c62177d0) 
thrown [s\open\src\hotspot\share\classfile\systemDictionary.cpp, line 327]
Event: 0.732 Thread 0x000001e3a8cf0910 Exception <a 'java/lang/NoSuchMethodError'{0x00000000c62454e0}: 'int java.lang.invoke.Invokers$Holder.invokeExact_MT(java.lang.Object, java.lang.Object)'> (0x00000000c62454e0) 
thrown [s\open\src\hotspot\share\interpreter\linkResolver.cpp, line 805]
Event: 0.998 Thread 0x000001e3a8cf0910 Exception <a 'java/lang/NoSuchMethodError'{0x00000000c605c0f8}: 'long java.lang.invoke.DirectMethodHandle$Holder.invokeStaticInit(java.lang.Object, long, long, long, long)'> (0x00000000c605c0f8) 
thrown [s\open\src\hotspot\share\interpreter\linkResolver.cpp, line 805]
Event: 0.999 Thread 0x000001e3a8cf0910 Exception <a 'java/lang/NoSuchMethodError'{0x00000000c6064db0}: 'java.lang.Object java.lang.invoke.DirectMethodHandle$Holder.invokeInterface(java.lang.Object, java.lang.Object, long, long)'> (0x00000000c6064db0) 
thrown [s\open\src\hotspot\share\interpreter\linkResolver.cpp, line 805]
Event: 1.006 Thread 0x000001e3a8cf0910 Exception <a 'java/lang/NoSuchMethodError'{0x00000000c607d688}: 'void java.lang.invoke.DirectMethodHandle$Holder.invokeStaticInit(java.lang.Object, java.lang.Object, long, java.lang.Object)'> (0x00000000c607d688) 
thrown [s\open\src\hotspot\share\interpreter\linkResolver.cpp, line 805]
Event: 1.008 Thread 0x000001e3a8cf0910 Exception <a 'java/lang/NoSuchMethodError'{0x00000000c6086520}: 'long java.lang.invoke.DirectMethodHandle$Holder.invokeStatic(java.lang.Object, long, long)'> (0x00000000c6086520) 
thrown [s\open\src\hotspot\share\interpreter\linkResolver.cpp, line 805]
Event: 1.014 Thread 0x000001e3a8cf0910 Exception <a 'java/lang/NoSuchMethodError'{0x00000000c60b07e8}: 'java.lang.Object java.lang.invoke.DirectMethodHandle$Holder.newInvokeSpecial(java.lang.Object, int, java.lang.Object)'> (0x00000000c60b07e8) 
thrown [s\open\src\hotspot\share\interpreter\linkResolver.cpp, line 805]
Event: 1.073 Thread 0x000001e3a8cf0910 Exception <a 'java/lang/NoSuchMethodError'{0x00000000c5f23f00}: 'void java.lang.invoke.DelegatingMethodHandle$Holder.reinvoke_L(java.lang.Object, java.lang.Object, java.lang.Object, java.lang.Object, long, long, float)'> (0x00000000c5f23f00) 
thrown [s\open\src\hotspot\share\interpreter\linkResolver.cpp, line 805]
Event: 1.077 Thread 0x000001e3a8cf0910 Exception <a 'java/lang/NoSuchMethodError'{0x00000000c5f44550}: 'java.lang.Object java.lang.invoke.DirectMethodHandle$Holder.invokeStatic(java.lang.Object, java.lang.Object, java.lang.Object, java.lang.Object, java.lang.Object, long)'> (0x00000000c5f44550) 
thrown [s\open\src\hotspot\share\interpreter\linkResolver.cpp, line 805]
Event: 1.086 Thread 0x000001e3a8cf0910 Exception <a 'java/lang/NoSuchMethodError'{0x00000000c5f87f00}: 'float java.lang.invoke.DelegatingMethodHandle$Holder.reinvoke_L(java.lang.Object, java.lang.Object, java.lang.Object, java.lang.Object, long, long)'> (0x00000000c5f87f00) 
thrown [s\open\src\hotspot\share\interpreter\linkResolver.cpp, line 805]
Event: 1.225 Thread 0x000001e3ee24da50 Exception <a 'java/lang/NoSuchMethodError'{0x00000000c67ea078}: 'void java.lang.invoke.DirectMethodHandle$Holder.invokeVirtual(java.lang.Object, java.lang.Object)'> (0x00000000c67ea078) 
thrown [s\open\src\hotspot\share\interpreter\linkResolver.cpp, line 805]
Event: 1.259 Thread 0x000001e3a8cf0910 Exception <a 'java/lang/NoSuchMethodError'{0x00000000c5d52840}: 'void java.lang.invoke.DirectMethodHandle$Holder.invokeStaticInit(java.lang.Object)'> (0x00000000c5d52840) 
thrown [s\open\src\hotspot\share\interpreter\linkResolver.cpp, line 805]

VM Operations (10 events):
Event: 0.174 Executing VM operation: HandshakeAllThreads (Deoptimize)
Event: 0.174 Executing VM operation: HandshakeAllThreads (Deoptimize) done
Event: 0.746 Executing VM operation: HandshakeAllThreads (Deoptimize)
Event: 0.746 Executing VM operation: HandshakeAllThreads (Deoptimize) done
Event: 0.848 Executing VM operation: HandshakeAllThreads (Deoptimize)
Event: 0.848 Executing VM operation: HandshakeAllThreads (Deoptimize) done
Event: 1.012 Executing VM operation: HandshakeAllThreads (Deoptimize)
Event: 1.012 Executing VM operation: HandshakeAllThreads (Deoptimize) done
Event: 1.173 Executing VM operation: HandshakeAllThreads (Deoptimize)
Event: 1.174 Executing VM operation: HandshakeAllThreads (Deoptimize) done

Memory protections (0 events):
No events

Nmethod flushes (0 events):
No events

Events (20 events):
Event: 0.061 Thread 0x000001e38bb79b40 Thread added: 0x000001e38de95b60
Event: 0.062 Thread 0x000001e38bb79b40 Thread added: 0x000001e38de96bf0
Event: 0.062 Thread 0x000001e38bb79b40 Thread added: 0x000001e38de9ac70
Event: 0.063 Thread 0x000001e38bb79b40 Thread added: 0x000001e38de9bd50
Event: 0.063 Thread 0x000001e38bb79b40 Thread added: 0x000001e38de9c880
Event: 0.063 Thread 0x000001e38bb79b40 Thread added: 0x000001e38de9e3c0
Event: 0.063 Thread 0x000001e38bb79b40 Thread added: 0x000001e3a891a3d0
Event: 0.063 Thread 0x000001e38bb79b40 Thread added: 0x000001e3a8931f50
Event: 0.155 Thread 0x000001e38bb79b40 Thread added: 0x000001e3a89da6c0
Event: 0.210 Thread 0x000001e38bb79b40 Thread added: 0x000001e3a8ce8530
Event: 0.483 Thread 0x000001e38bb79b40 Thread added: 0x000001e3ee24aaf0
Event: 0.485 Thread 0x000001e38bb79b40 Thread added: 0x000001e3ee24d310
Event: 0.486 Thread 0x000001e38bb79b40 Thread added: 0x000001e3ee24da50
Event: 0.502 Thread 0x000001e38bb79b40 Thread added: 0x000001e3a8cf0910
Event: 0.503 Thread 0x000001e38bb79b40 Thread exited: 0x000001e38bb79b40
Event: 0.503 Thread 0x000001e38bb79b40 Thread added: 0x000001e38bb79b40
Event: 1.091 Thread 0x000001e3a8cf0910 Thread added: 0x000001e3ee43ddf0
Event: 1.108 Thread 0x000001e3a8cf0910 Thread added: 0x000001e3ee3d7ab0
Event: 1.169 Thread 0x000001e3a8cf0910 Thread added: 0x000001e3ee460160
Event: 1.171 Thread 0x000001e3a8cf0910 Thread added: 0x000001e3ee463390


Dynamic libraries:
0x00007ff6a20a0000 - 0x00007ff6a20b0000 	C:\Program Files\Java\jdk-24\bin\java.exe
0x00007ff958a70000 - 0x00007ff958c87000 	C:\WINDOWS\SYSTEM32\ntdll.dll
0x00007ff9574b0000 - 0x00007ff957574000 	C:\WINDOWS\System32\KERNEL32.DLL
0x00007ff955ff0000 - 0x00007ff9563aa000 	C:\WINDOWS\System32\KERNELBASE.dll
0x00007ff9563b0000 - 0x00007ff9564c1000 	C:\WINDOWS\System32\ucrtbase.dll
0x00007ff90ed30000 - 0x00007ff90ed4b000 	C:\Program Files\Java\jdk-24\bin\VCRUNTIME140.dll
0x00007ff94bc60000 - 0x00007ff94bc76000 	C:\Program Files\Java\jdk-24\bin\jli.dll
0x00007ff957c50000 - 0x00007ff957dfe000 	C:\WINDOWS\System32\USER32.dll
0x00007ff9564d0000 - 0x00007ff9564f6000 	C:\WINDOWS\System32\win32u.dll
0x00007ff957360000 - 0x00007ff957389000 	C:\WINDOWS\System32\GDI32.dll
0x00007ff956640000 - 0x00007ff95675b000 	C:\WINDOWS\System32\gdi32full.dll
0x00007ff955d60000 - 0x00007ff955dfa000 	C:\WINDOWS\System32\msvcp_win.dll
0x00007ff941880000 - 0x00007ff941b12000 	C:\WINDOWS\WinSxS\amd64_microsoft.windows.common-controls_6595b64144ccf1df_6.0.22621.4541_none_2710d1c57384c085\COMCTL32.dll
0x00007ff957e70000 - 0x00007ff957f17000 	C:\WINDOWS\System32\msvcrt.dll
0x00007ff957850000 - 0x00007ff957881000 	C:\WINDOWS\System32\IMM32.DLL
0x00007ff90bd10000 - 0x00007ff90bd1c000 	C:\Program Files\Java\jdk-24\bin\vcruntime140_1.dll
0x00007ff907690000 - 0x00007ff90771e000 	C:\Program Files\Java\jdk-24\bin\msvcp140.dll
0x00007ff905840000 - 0x00007ff9065e2000 	C:\Program Files\Java\jdk-24\bin\server\jvm.dll
0x00007ff956760000 - 0x00007ff956812000 	C:\WINDOWS\System32\ADVAPI32.dll
0x00007ff957780000 - 0x00007ff957827000 	C:\WINDOWS\System32\sechost.dll
0x00007ff955d30000 - 0x00007ff955d58000 	C:\WINDOWS\System32\bcrypt.dll
0x00007ff9587a0000 - 0x00007ff9588b4000 	C:\WINDOWS\System32\RPCRT4.dll
0x00007ff9573b0000 - 0x00007ff957421000 	C:\WINDOWS\System32\WS2_32.dll
0x00007ff955c00000 - 0x00007ff955c4d000 	C:\WINDOWS\SYSTEM32\POWRPROF.dll
0x00007ff94f080000 - 0x00007ff94f0b4000 	C:\WINDOWS\SYSTEM32\WINMM.dll
0x00007ff94b7f0000 - 0x00007ff94b7fa000 	C:\WINDOWS\SYSTEM32\VERSION.dll
0x00007ff955be0000 - 0x00007ff955bf3000 	C:\WINDOWS\SYSTEM32\UMPDC.dll
0x00007ff954d70000 - 0x00007ff954d88000 	C:\WINDOWS\SYSTEM32\kernel.appcore.dll
0x00007ff90b810000 - 0x00007ff90b81a000 	C:\Program Files\Java\jdk-24\bin\jimage.dll
0x00007ff9537f0000 - 0x00007ff953a22000 	C:\WINDOWS\SYSTEM32\DBGHELP.DLL
0x00007ff957890000 - 0x00007ff957c21000 	C:\WINDOWS\System32\combase.dll
0x00007ff957060000 - 0x00007ff957137000 	C:\WINDOWS\System32\OLEAUT32.dll
0x00007ff93c450000 - 0x00007ff93c482000 	C:\WINDOWS\SYSTEM32\dbgcore.DLL
0x00007ff956500000 - 0x00007ff95657b000 	C:\WINDOWS\System32\bcryptPrimitives.dll
0x00007ff907de0000 - 0x00007ff907dfe000 	C:\Program Files\Java\jdk-24\bin\java.dll
0x00007ff9571b0000 - 0x00007ff957355000 	C:\WINDOWS\System32\ole32.dll
0x00007ff957f20000 - 0x00007ff958799000 	C:\WINDOWS\System32\SHELL32.dll
0x00007ff953c70000 - 0x00007ff954579000 	C:\WINDOWS\SYSTEM32\windows.storage.dll
0x00007ff953b30000 - 0x00007ff953c6f000 	C:\WINDOWS\SYSTEM32\wintypes.dll
0x00007ff957680000 - 0x00007ff95777a000 	C:\WINDOWS\System32\SHCORE.dll
0x00007ff9589d0000 - 0x00007ff958a2e000 	C:\WINDOWS\System32\shlwapi.dll
0x00007ff955c60000 - 0x00007ff955c8b000 	C:\WINDOWS\SYSTEM32\profapi.dll
0x00007ff907d00000 - 0x00007ff907dd7000 	C:\Program Files\Java\jdk-24\bin\jsvml.dll
0x00007ff907cf0000 - 0x00007ff907d00000 	C:\Program Files\Java\jdk-24\bin\net.dll
0x00007ff9551f0000 - 0x00007ff955259000 	C:\WINDOWS\system32\mswsock.dll
0x00007ff907cd0000 - 0x00007ff907ce6000 	C:\Program Files\Java\jdk-24\bin\nio.dll
0x00007ff907cb0000 - 0x00007ff907cc7000 	C:\Program Files\Java\jdk-24\bin\zip.dll
0x00007ff907720000 - 0x00007ff90789f000 	C:\Program Files\Java\jdk-24\bin\awt.dll
0x00007ff952320000 - 0x00007ff9523b7000 	C:\WINDOWS\SYSTEM32\apphelp.dll
0x00007ff952e80000 - 0x00007ff952f31000 	C:\WINDOWS\system32\uxtheme.dll
0x00007ff956ef0000 - 0x00007ff957051000 	C:\WINDOWS\System32\MSCTF.dll
0x00007ff9532b0000 - 0x00007ff9532db000 	C:\WINDOWS\system32\DWMAPI.DLL
0x00007ff93ae90000 - 0x00007ff93af90000 	C:\WINDOWS\system32\opengl32.dll
0x00007ff93a660000 - 0x00007ff93a68d000 	C:\WINDOWS\SYSTEM32\GLU32.dll
0x00007ff952f70000 - 0x00007ff952fa7000 	C:\WINDOWS\SYSTEM32\dxcore.dll
0x00007ff907600000 - 0x00007ff907687000 	C:\Program Files\Java\jdk-24\bin\freetype.dll
0x00007ff907520000 - 0x00007ff9075f7000 	C:\Program Files\Java\jdk-24\bin\fontmanager.dll
0x00007ff958920000 - 0x00007ff9589d0000 	C:\WINDOWS\System32\clbcatq.dll
0x00007ff952c70000 - 0x00007ff952e20000 	C:\WINDOWS\SYSTEM32\WindowsCodecs.dll
0x00007ff9268c0000 - 0x00007ff92691e000 	C:\WINDOWS\system32\dataexchange.dll
0x00007ff94c9b0000 - 0x00007ff94cc54000 	C:\WINDOWS\system32\twinapi.appcore.dll

JVMTI agents: none

dbghelp: loaded successfully - version: 4.0.5 - missing functions: none
symbol engine: initialized successfully - sym options: 0x614 - pdb path: .;C:\Program Files\Java\jdk-24\bin;C:\WINDOWS\SYSTEM32;C:\WINDOWS\WinSxS\amd64_microsoft.windows.common-controls_6595b64144ccf1df_6.0.22621.4541_none_2710d1c57384c085;C:\Program Files\Java\jdk-24\bin\server

VM Arguments:
jvm_args: -Dfile.encoding=UTF-8 --module-path=C:\Users\eiron\Documents\NetBeansProjects\ol\build\classes 
java_command: ol.nikuy
java_class_path (initial): C:\Program Files\NetBeans-25\netbeans\java\modules\ext\AbsoluteLayout.jar;C:\Users\eiron\Documents\NetBeansProjects\ol\build\classes
Launcher Type: SUN_STANDARD

[Global flags]
     intx CICompilerCount                          = 2                                         {product} {ergonomic}
     uint ConcGCThreads                            = 1                                         {product} {ergonomic}
     uint G1ConcRefinementThreads                  = 2                                         {product} {ergonomic}
   size_t G1HeapRegionSize                         = 1048576                                   {product} {ergonomic}
   size_t InitialHeapSize                          = 65011712                                  {product} {ergonomic}
   size_t MarkStackSize                            = 4194304                                   {product} {ergonomic}
   size_t MarkStackSizeMax                         = 536870912                                 {product} {ergonomic}
   size_t MaxHeapSize                              = 1027604480                                {product} {ergonomic}
   size_t MaxNewSize                               = 616562688                                 {product} {ergonomic}
   size_t MinHeapDeltaBytes                        = 1048576                                   {product} {ergonomic}
   size_t MinHeapSize                              = 8388608                                   {product} {ergonomic}
    uintx NonNMethodCodeHeapSize                   = 5767168                                {pd product} {ergonomic}
    uintx NonProfiledCodeHeapSize                  = 123011072                              {pd product} {ergonomic}
    uintx ProfiledCodeHeapSize                     = 122880000                              {pd product} {ergonomic}
    uintx ReservedCodeCacheSize                    = 251658240                              {pd product} {ergonomic}
     bool SegmentedCodeCache                       = true                                      {product} {ergonomic}
   size_t SoftMaxHeapSize                          = 1027604480                             {manageable} {ergonomic}
     bool UseCompressedOops                        = true                           {product lp64_product} {ergonomic}
     bool UseG1GC                                  = true                                      {product} {ergonomic}
     bool UseLargePagesIndividualAllocation        = false                                  {pd product} {ergonomic}

Logging:
Log output configuration:
 #0: stdout all=warning uptime,level,tags foldmultilines=false
 #1: stderr all=off uptime,level,tags foldmultilines=false

Environment Variables:
PATH=C:\Program Files\Common Files\Oracle\Java\javapath;C:\WINDOWS\system32;C:\WINDOWS;C:\WINDOWS\System32\Wbem;C:\WINDOWS\System32\WindowsPowerShell\v1.0\;C:\WINDOWS\System32\OpenSSH\;C:\Program Files\dotnet\;C:\Program Files\Java\jdk-24\bin;C:\Users\eiron\AppData\Local\Microsoft\WindowsApps;C:\Users\eiron\.dotnet\tools
USERNAME=eiron
OS=Windows_NT
PROCESSOR_IDENTIFIER=Intel64 Family 6 Model 122 Stepping 8, GenuineIntel
TMP=C:\Users\eiron\AppData\Local\Temp
TEMP=C:\Users\eiron\AppData\Local\Temp




Periodic native trim disabled

---------------  S Y S T E M  ---------------

OS:
 Windows 11 , 64 bit Build 22621 (10.0.22621.4391)
OS uptime: 0 days 3:25 hours

CPU: total 2 (initial active 2) (2 cores per cpu, 1 threads per core) family 6 model 122 stepping 8 microcode 0x18, cx8, cmov, fxsr, mmx, 3dnowpref, sse, sse2, sse3, ssse3, sse4.1, sse4.2, popcnt, tsc, tscinvbit, aes, erms, clmul, sha, clflush, clflushopt, rdtscp, rdpid
Processor Information for the first 2 processors :
  Max Mhz: 1101, Current Mhz: 1101, Mhz Limit: 1101

Memory: 4k page, system-wide physical 3918M (381M free)
TotalPageFile size 8318M (AvailPageFile size 3M)
current process WorkingSet (physical memory assigned to process): 77M, peak: 77M
current process commit charge ("private bytes"): 152M, peak: 157M

vm_info: Java HotSpot(TM) 64-Bit Server VM (24.0.1+9-30) for windows-amd64 JRE (24.0.1+9-30), built on 2025-03-05T07:23:45Z with MS VC++ 17.6 (VS2022)

END.
